[2025-11-15T16:51:43.672Z] Error batch insert starting HN 000000001: Incorrect string value: '\xB9\xD2\xC2' for column `pts`.`patient`.`pname` at row 1
[2025-11-15T16:51:43.678Z] Error batch insert starting HN 000000056: Incorrect string value: '\xB9.\xCA.' for column `pts`.`patient`.`pname` at row 1
[2025-11-15T16:51:43.684Z] Error batch insert starting HN 000000113: Incorrect string value: '\xB9\xD2\xC2' for column `pts`.`patient`.`pname` at row 1
[2025-11-15T16:51:43.688Z] Error batch insert starting HN 000000170: Incorrect string value: '\xB9.\xCA.' for column `pts`.`patient`.`pname` at row 1
[2025-11-15T16:51:43.693Z] Error batch insert starting HN 000000228: Incorrect string value: '\xB9\xD2\xA7' for column `pts`.`patient`.`pname` at row 1
[2025-11-15T16:51:43.698Z] Error batch insert starting HN 000000283: Incorrect string value: '\xB9.\xCA.' for column `pts`.`patient`.`pname` at row 1
[2025-11-15T16:51:43.702Z] Error batch insert starting HN 000000342: Incorrect string value: '\xB9\xD2\xC2' for column `pts`.`patient`.`pname` at row 1
[2025-11-15T16:51:43.706Z] Error batch insert starting HN 000000402: Incorrect string value: '\xB9\xD2\xC2' for column `pts`.`patient`.`pname` at row 1
[2025-11-15T16:51:43.710Z] Error batch insert starting HN 000000454: Incorrect string value: '\xB9\xD2\xA7' for column `pts`.`patient`.`pname` at row 1
[2025-11-15T16:51:43.715Z] Error batch insert starting HN 000000508: Incorrect string value: '\xB9\xD2\xA7' for column `pts`.`patient`.`pname` at row 1
[2025-11-15T16:51:43.719Z] Error batch insert starting HN 000000561: Incorrect string value: '\xB9.\xCA.' for column `pts`.`patient`.`pname` at row 1
[2025-11-15T16:51:43.723Z] Error batch insert starting HN 000000614: Incorrect string value: '\xB9\xD2\xC2' for column `pts`.`patient`.`pname` at row 1
[2025-11-15T16:51:43.727Z] Error batch insert starting HN 000000675: Incorrect string value: '\xB9\xD2\xA7' for column `pts`.`patient`.`pname` at row 1
[2025-11-15T16:51:43.730Z] Error batch insert starting HN 000000732: Incorrect string value: '\xB9\xD2\xC2' for column `pts`.`patient`.`pname` at row 1
[2025-11-15T16:51:43.735Z] Error batch insert starting HN 000000788: Incorrect string value: '\xB9\xD2\xA7' for column `pts`.`patient`.`pname` at row 1
[2025-11-15T16:51:43.738Z] Error batch insert starting HN 000000846: Incorrect string value: '\xB9\xD2\xC2' for column `pts`.`patient`.`pname` at row 1
[2025-11-15T16:51:43.742Z] Error batch insert starting HN 000000906: Incorrect string value: '\xB9\xD2\xC2' for column `pts`.`patient`.`pname` at row 1
[2025-11-15T16:51:43.747Z] Error batch insert starting HN 000000969: Incorrect string value: '\xB9.\xCA.' for column `pts`.`patient`.`pname` at row 1
[2025-11-15T16:51:43.751Z] Error batch insert starting HN 000001022: Incorrect string value: '\xB9\xD2\xC2' for column `pts`.`patient`.`pname` at row 1
[2025-11-15T16:51:43.755Z] Error batch insert starting HN 000001074: Incorrect string value: '\xB9\xD2\xC2' for column `pts`.`patient`.`pname` at row 1
[2025-11-15T16:51:43.759Z] Error batch insert starting HN 000001130: Incorrect string value: '\xB9.\xCA.' for column `pts`.`patient`.`pname` at row 1
[2025-11-15T16:51:43.764Z] Error batch insert starting HN 000001190: Incorrect string value: '\xB9\xD2\xA7' for column `pts`.`patient`.`pname` at row 1
[2025-11-15T16:51:43.768Z] Error batch insert starting HN 000001249: Incorrect string value: '\xB9\xD2\xA7' for column `pts`.`patient`.`pname` at row 1
[2025-11-15T16:51:43.773Z] Error batch insert starting HN 000001300: Incorrect string value: '\xB9.\xCA.' for column `pts`.`patient`.`pname` at row 1
[2025-11-15T16:51:43.777Z] Error batch insert starting HN 000001354: Incorrect string value: '\xB9\xD2\xC2' for column `pts`.`patient`.`pname` at row 1
[2025-11-15T16:51:43.782Z] Error batch insert starting HN 000001418: Incorrect string value: '\xB9.\xCA.' for column `pts`.`patient`.`pname` at row 1
[2025-11-15T16:51:43.786Z] Error batch insert starting HN 000001474: Incorrect string value: '\xB9\xD2\xA7' for column `pts`.`patient`.`pname` at row 1
[2025-11-15T16:51:43.791Z] Error batch insert starting HN 000001542: Incorrect string value: '\xB9.\xCA.' for column `pts`.`patient`.`pname` at row 1
[2025-11-15T16:51:43.796Z] Error batch insert starting HN 000001612: Incorrect string value: '\xB9\xD2\xC2' for column `pts`.`patient`.`pname` at row 1
[2025-11-15T16:51:43.799Z] Error batch insert starting HN 000001671: Incorrect string value: '\xB9\xD2\xA7' for column `pts`.`patient`.`pname` at row 1
[2025-11-15T16:51:43.803Z] Error batch insert starting HN 000001724: Incorrect string value: '\xB9.\xCA.' for column `pts`.`patient`.`pname` at row 1
[2025-11-15T16:51:43.807Z] Error batch insert starting HN 000001779: Incorrect string value: '\xB9\xD2\xC2' for column `pts`.`patient`.`pname` at row 1
[2025-11-15T16:51:43.811Z] Error batch insert starting HN 000001830: Incorrect string value: '\xB9\xD2\xC2' for column `pts`.`patient`.`pname` at row 1
[2025-11-15T16:51:43.814Z] Error batch insert starting HN 000001891: Incorrect string value: '\xB9.\xCA.' for column `pts`.`patient`.`pname` at row 1
[2025-11-15T16:51:43.819Z] Error batch insert starting HN 000001956: Incorrect string value: '\xB9\xD2\xC2' for column `pts`.`patient`.`pname` at row 1
[2025-11-15T16:51:43.823Z] Error batch insert starting HN 000002016: Incorrect string value: '\xB9\xD2\xA7' for column `pts`.`patient`.`pname` at row 1
[2025-11-15T16:51:43.826Z] Error batch insert starting HN 000002074: Incorrect string value: '\xB9\xD2\xC2' for column `pts`.`patient`.`pname` at row 1
[2025-11-15T16:51:43.829Z] Error batch insert starting HN 000002127: Incorrect string value: '\xB9\xD2\xC2' for column `pts`.`patient`.`pname` at row 1
[2025-11-15T16:51:43.833Z] Error batch insert starting HN 000002185: Incorrect string value: '\xB9.\xCA.' for column `pts`.`patient`.`pname` at row 1
[2025-11-15T16:51:43.837Z] Error batch insert starting HN 000002239: Incorrect string value: '\xB9\xD2\xA7' for column `pts`.`patient`.`pname` at row 1
[2025-11-15T16:54:38.578Z] Error batch insert starting HN 000000001: Incorrect date value: 'Mon Jan 01 1962 00:00:00 GMT+0700 (เวลาอินโดจีน)' for column `pts`.`patient`.`birthday` at row 1
[2025-11-15T16:54:38.585Z] Error batch insert starting HN 000000056: Incorrect date value: 'Mon Feb 12 1996 00:00:00 GMT+0700 (เวลาอินโดจีน)' for column `pts`.`patient`.`birthday` at row 1
[2025-11-15T16:54:38.590Z] Error batch insert starting HN 000000113: Incorrect date value: 'Sat Sep 18 1982 00:00:00 GMT+0700 (เวลาอินโดจีน)' for column `pts`.`patient`.`birthday` at row 1
[2025-11-15T16:54:38.595Z] Error batch insert starting HN 000000170: Incorrect date value: 'Wed Sep 28 1994 00:00:00 GMT+0700 (เวลาอินโดจีน)' for column `pts`.`patient`.`birthday` at row 1
[2025-11-15T16:54:38.599Z] Error batch insert starting HN 000000228: Incorrect date value: 'Fri May 15 1970 00:00:00 GMT+0700 (เวลาอินโดจีน)' for column `pts`.`patient`.`birthday` at row 1
[2025-11-15T16:54:38.604Z] Error batch insert starting HN 000000283: Incorrect date value: 'Mon Nov 13 1933 00:00:00 GMT+0700 (เวลาอินโดจีน)' for column `pts`.`patient`.`birthday` at row 1
[2025-11-15T16:54:38.608Z] Error batch insert starting HN 000000342: Incorrect date value: 'Thu Jul 02 1964 00:00:00 GMT+0700 (เวลาอินโดจีน)' for column `pts`.`patient`.`birthday` at row 1
[2025-11-15T16:54:38.614Z] Error batch insert starting HN 000000402: Incorrect date value: 'Thu Sep 02 1976 00:00:00 GMT+0700 (เวลาอินโดจีน)' for column `pts`.`patient`.`birthday` at row 1
[2025-11-15T16:54:38.619Z] Error batch insert starting HN 000000454: Incorrect date value: 'Thu Jul 18 1957 00:00:00 GMT+0700 (เวลาอินโดจีน)' for column `pts`.`patient`.`birthday` at row 1
[2025-11-15T16:54:38.624Z] Error batch insert starting HN 000000508: Incorrect date value: 'Mon Dec 17 1934 00:00:00 GMT+0700 (เวลาอินโดจีน)' for column `pts`.`patient`.`birthday` at row 1
[2025-11-15T16:54:38.629Z] Error batch insert starting HN 000000561: Incorrect date value: 'Sun Jul 19 1987 00:00:00 GMT+0700 (เวลาอินโดจีน)' for column `pts`.`patient`.`birthday` at row 1
[2025-11-15T16:54:38.632Z] Error batch insert starting HN 000000614: Incorrect date value: 'Sat Apr 13 1996 00:00:00 GMT+0700 (เวลาอินโดจีน)' for column `pts`.`patient`.`birthday` at row 1
[2025-11-15T16:54:38.637Z] Error batch insert starting HN 000000675: Incorrect date value: 'Thu Feb 17 1972 00:00:00 GMT+0700 (เวลาอินโดจีน)' for column `pts`.`patient`.`birthday` at row 1
[2025-11-15T16:54:38.642Z] Error batch insert starting HN 000000732: Incorrect date value: 'Mon Jun 08 1953 00:00:00 GMT+0700 (เวลาอินโดจีน)' for column `pts`.`patient`.`birthday` at row 1
[2025-11-15T16:54:38.650Z] Error batch insert starting HN 000000788: Incorrect date value: 'Mon Jan 25 1960 00:00:00 GMT+0700 (เวลาอินโดจีน)' for column `pts`.`patient`.`birthday` at row 1
[2025-11-15T16:54:38.656Z] Error batch insert starting HN 000000846: Incorrect date value: 'Tue Dec 12 1989 00:00:00 GMT+0700 (เวลาอินโดจีน)' for column `pts`.`patient`.`birthday` at row 1
[2025-11-15T16:54:38.661Z] Error batch insert starting HN 000000906: Incorrect date value: 'Thu Mar 20 1969 00:00:00 GMT+0700 (เวลาอินโดจีน)' for column `pts`.`patient`.`birthday` at row 1
[2025-11-15T16:54:38.666Z] Error batch insert starting HN 000000969: Incorrect date value: 'Fri Oct 29 1999 00:00:00 GMT+0700 (เวลาอินโดจีน)' for column `pts`.`patient`.`birthday` at row 1
[2025-11-15T16:54:38.672Z] Error batch insert starting HN 000001022: Incorrect date value: 'Thu Jan 07 1993 00:00:00 GMT+0700 (เวลาอินโดจีน)' for column `pts`.`patient`.`birthday` at row 1
[2025-11-15T16:54:38.676Z] Error batch insert starting HN 000001074: Incorrect date value: 'Tue May 03 1988 00:00:00 GMT+0700 (เวลาอินโดจีน)' for column `pts`.`patient`.`birthday` at row 1
[2025-11-15T16:54:38.682Z] Error batch insert starting HN 000001130: Incorrect date value: 'Thu Apr 30 1970 00:00:00 GMT+0700 (เวลาอินโดจีน)' for column `pts`.`patient`.`birthday` at row 1
[2025-11-15T16:54:38.686Z] Error batch insert starting HN 000001190: Incorrect date value: 'Fri Apr 16 1948 00:00:00 GMT+0700 (เวลาอินโดจีน)' for column `pts`.`patient`.`birthday` at row 1
[2025-11-15T16:54:38.691Z] Error batch insert starting HN 000001249: Incorrect date value: 'Sun Oct 03 1937 00:00:00 GMT+0700 (เวลาอินโดจีน)' for column `pts`.`patient`.`birthday` at row 1
[2025-11-15T16:54:38.695Z] Error batch insert starting HN 000001300: Incorrect date value: 'Sun Aug 03 1986 00:00:00 GMT+0700 (เวลาอินโดจีน)' for column `pts`.`patient`.`birthday` at row 1
[2025-11-15T16:54:38.699Z] Error batch insert starting HN 000001354: Incorrect date value: 'Sun Dec 16 1990 00:00:00 GMT+0700 (เวลาอินโดจีน)' for column `pts`.`patient`.`birthday` at row 1
[2025-11-15T16:54:38.704Z] Error batch insert starting HN 000001418: Incorrect date value: 'Tue Jul 11 1995 00:00:00 GMT+0700 (เวลาอินโดจีน)' for column `pts`.`patient`.`birthday` at row 1
[2025-11-15T16:54:38.709Z] Error batch insert starting HN 000001474: Incorrect date value: 'Sun Apr 22 1973 00:00:00 GMT+0700 (เวลาอินโดจีน)' for column `pts`.`patient`.`birthday` at row 1
[2025-11-15T16:54:38.715Z] Error batch insert starting HN 000001542: Incorrect date value: 'Fri Jan 22 1999 00:00:00 GMT+0700 (เวลาอินโดจีน)' for column `pts`.`patient`.`birthday` at row 1
[2025-11-15T16:54:38.719Z] Error batch insert starting HN 000001612: Incorrect date value: 'Mon Jan 30 1933 00:00:00 GMT+0700 (เวลาอินโดจีน)' for column `pts`.`patient`.`birthday` at row 1
[2025-11-15T16:54:38.724Z] Error batch insert starting HN 000001671: Incorrect date value: 'Fri Feb 08 1963 00:00:00 GMT+0700 (เวลาอินโดจีน)' for column `pts`.`patient`.`birthday` at row 1
[2025-11-15T16:54:38.728Z] Error batch insert starting HN 000001724: Incorrect date value: 'Thu Nov 01 1973 00:00:00 GMT+0700 (เวลาอินโดจีน)' for column `pts`.`patient`.`birthday` at row 1
[2025-11-15T16:54:38.733Z] Error batch insert starting HN 000001779: Incorrect date value: 'Tue Dec 25 1984 00:00:00 GMT+0700 (เวลาอินโดจีน)' for column `pts`.`patient`.`birthday` at row 1
[2025-11-15T16:54:38.737Z] Error batch insert starting HN 000001830: Incorrect date value: 'Thu Nov 24 1988 00:00:00 GMT+0700 (เวลาอินโดจีน)' for column `pts`.`patient`.`birthday` at row 1
[2025-11-15T16:54:38.741Z] Error batch insert starting HN 000001891: Incorrect date value: 'Mon May 16 1983 00:00:00 GMT+0700 (เวลาอินโดจีน)' for column `pts`.`patient`.`birthday` at row 1
[2025-11-15T16:54:38.745Z] Error batch insert starting HN 000001956: Incorrect date value: 'Sun Jun 25 1972 00:00:00 GMT+0700 (เวลาอินโดจีน)' for column `pts`.`patient`.`birthday` at row 1
[2025-11-15T16:54:38.750Z] Error batch insert starting HN 000002016: Incorrect date value: 'Tue Mar 05 1957 00:00:00 GMT+0700 (เวลาอินโดจีน)' for column `pts`.`patient`.`birthday` at row 1
[2025-11-15T16:54:38.754Z] Error batch insert starting HN 000002074: Incorrect date value: 'Sat Aug 14 1976 00:00:00 GMT+0700 (เวลาอินโดจีน)' for column `pts`.`patient`.`birthday` at row 1
[2025-11-15T16:54:38.758Z] Error batch insert starting HN 000002127: Incorrect date value: 'Fri Nov 29 1963 00:00:00 GMT+0700 (เวลาอินโดจีน)' for column `pts`.`patient`.`birthday` at row 1
[2025-11-15T16:54:38.762Z] Error batch insert starting HN 000002185: Incorrect date value: 'Mon Aug 13 1990 00:00:00 GMT+0700 (เวลาอินโดจีน)' for column `pts`.`patient`.`birthday` at row 1
[2025-11-15T16:54:38.766Z] Error batch insert starting HN 000002239: Incorrect date value: 'Sat Nov 10 1956 00:00:00 GMT+0700 (เวลาอินโดจีน)' for column `pts`.`patient`.`birthday` at row 1
[2025-11-15T16:54:44.301Z] Error batch insert starting HN 000000001: Incorrect date value: 'Mon Jan 01 1962 00:00:00 GMT+0700 (เวลาอินโดจีน)' for column `pts`.`patient`.`birthday` at row 1
[2025-11-15T16:54:44.308Z] Error batch insert starting HN 000000056: Incorrect date value: 'Mon Feb 12 1996 00:00:00 GMT+0700 (เวลาอินโดจีน)' for column `pts`.`patient`.`birthday` at row 1
[2025-11-15T16:54:44.314Z] Error batch insert starting HN 000000113: Incorrect date value: 'Sat Sep 18 1982 00:00:00 GMT+0700 (เวลาอินโดจีน)' for column `pts`.`patient`.`birthday` at row 1
[2025-11-15T16:54:44.319Z] Error batch insert starting HN 000000170: Incorrect date value: 'Wed Sep 28 1994 00:00:00 GMT+0700 (เวลาอินโดจีน)' for column `pts`.`patient`.`birthday` at row 1
[2025-11-15T16:54:44.323Z] Error batch insert starting HN 000000228: Incorrect date value: 'Fri May 15 1970 00:00:00 GMT+0700 (เวลาอินโดจีน)' for column `pts`.`patient`.`birthday` at row 1
[2025-11-15T16:54:44.329Z] Error batch insert starting HN 000000283: Incorrect date value: 'Mon Nov 13 1933 00:00:00 GMT+0700 (เวลาอินโดจีน)' for column `pts`.`patient`.`birthday` at row 1
[2025-11-15T16:54:44.334Z] Error batch insert starting HN 000000342: Incorrect date value: 'Thu Jul 02 1964 00:00:00 GMT+0700 (เวลาอินโดจีน)' for column `pts`.`patient`.`birthday` at row 1
[2025-11-15T16:54:44.339Z] Error batch insert starting HN 000000402: Incorrect date value: 'Thu Sep 02 1976 00:00:00 GMT+0700 (เวลาอินโดจีน)' for column `pts`.`patient`.`birthday` at row 1
[2025-11-15T16:54:44.344Z] Error batch insert starting HN 000000454: Incorrect date value: 'Thu Jul 18 1957 00:00:00 GMT+0700 (เวลาอินโดจีน)' for column `pts`.`patient`.`birthday` at row 1
[2025-11-15T16:54:44.349Z] Error batch insert starting HN 000000508: Incorrect date value: 'Mon Dec 17 1934 00:00:00 GMT+0700 (เวลาอินโดจีน)' for column `pts`.`patient`.`birthday` at row 1
[2025-11-15T16:54:44.353Z] Error batch insert starting HN 000000561: Incorrect date value: 'Sun Jul 19 1987 00:00:00 GMT+0700 (เวลาอินโดจีน)' for column `pts`.`patient`.`birthday` at row 1
[2025-11-15T16:54:44.358Z] Error batch insert starting HN 000000614: Incorrect date value: 'Sat Apr 13 1996 00:00:00 GMT+0700 (เวลาอินโดจีน)' for column `pts`.`patient`.`birthday` at row 1
[2025-11-15T16:54:44.365Z] Error batch insert starting HN 000000675: Incorrect date value: 'Thu Feb 17 1972 00:00:00 GMT+0700 (เวลาอินโดจีน)' for column `pts`.`patient`.`birthday` at row 1
[2025-11-15T16:54:44.370Z] Error batch insert starting HN 000000732: Incorrect date value: 'Mon Jun 08 1953 00:00:00 GMT+0700 (เวลาอินโดจีน)' for column `pts`.`patient`.`birthday` at row 1
[2025-11-15T16:54:44.375Z] Error batch insert starting HN 000000788: Incorrect date value: 'Mon Jan 25 1960 00:00:00 GMT+0700 (เวลาอินโดจีน)' for column `pts`.`patient`.`birthday` at row 1
[2025-11-15T16:54:44.379Z] Error batch insert starting HN 000000846: Incorrect date value: 'Tue Dec 12 1989 00:00:00 GMT+0700 (เวลาอินโดจีน)' for column `pts`.`patient`.`birthday` at row 1
[2025-11-15T16:54:44.383Z] Error batch insert starting HN 000000906: Incorrect date value: 'Thu Mar 20 1969 00:00:00 GMT+0700 (เวลาอินโดจีน)' for column `pts`.`patient`.`birthday` at row 1
[2025-11-15T16:54:44.387Z] Error batch insert starting HN 000000969: Incorrect date value: 'Fri Oct 29 1999 00:00:00 GMT+0700 (เวลาอินโดจีน)' for column `pts`.`patient`.`birthday` at row 1
[2025-11-15T16:54:44.393Z] Error batch insert starting HN 000001022: Incorrect date value: 'Thu Jan 07 1993 00:00:00 GMT+0700 (เวลาอินโดจีน)' for column `pts`.`patient`.`birthday` at row 1
[2025-11-15T16:54:44.399Z] Error batch insert starting HN 000001074: Incorrect date value: 'Tue May 03 1988 00:00:00 GMT+0700 (เวลาอินโดจีน)' for column `pts`.`patient`.`birthday` at row 1
[2025-11-15T16:54:44.403Z] Error batch insert starting HN 000001130: Incorrect date value: 'Thu Apr 30 1970 00:00:00 GMT+0700 (เวลาอินโดจีน)' for column `pts`.`patient`.`birthday` at row 1
[2025-11-15T16:54:44.408Z] Error batch insert starting HN 000001190: Incorrect date value: 'Fri Apr 16 1948 00:00:00 GMT+0700 (เวลาอินโดจีน)' for column `pts`.`patient`.`birthday` at row 1
[2025-11-15T16:54:44.411Z] Error batch insert starting HN 000001249: Incorrect date value: 'Sun Oct 03 1937 00:00:00 GMT+0700 (เวลาอินโดจีน)' for column `pts`.`patient`.`birthday` at row 1
[2025-11-15T16:54:44.416Z] Error batch insert starting HN 000001300: Incorrect date value: 'Sun Aug 03 1986 00:00:00 GMT+0700 (เวลาอินโดจีน)' for column `pts`.`patient`.`birthday` at row 1
[2025-11-15T16:54:44.420Z] Error batch insert starting HN 000001354: Incorrect date value: 'Sun Dec 16 1990 00:00:00 GMT+0700 (เวลาอินโดจีน)' for column `pts`.`patient`.`birthday` at row 1
[2025-11-15T16:54:44.427Z] Error batch insert starting HN 000001418: Incorrect date value: 'Tue Jul 11 1995 00:00:00 GMT+0700 (เวลาอินโดจีน)' for column `pts`.`patient`.`birthday` at row 1
[2025-11-15T16:54:44.432Z] Error batch insert starting HN 000001474: Incorrect date value: 'Sun Apr 22 1973 00:00:00 GMT+0700 (เวลาอินโดจีน)' for column `pts`.`patient`.`birthday` at row 1
[2025-11-15T16:54:44.436Z] Error batch insert starting HN 000001542: Incorrect date value: 'Fri Jan 22 1999 00:00:00 GMT+0700 (เวลาอินโดจีน)' for column `pts`.`patient`.`birthday` at row 1
[2025-11-15T16:54:44.441Z] Error batch insert starting HN 000001612: Incorrect date value: 'Mon Jan 30 1933 00:00:00 GMT+0700 (เวลาอินโดจีน)' for column `pts`.`patient`.`birthday` at row 1
[2025-11-15T16:54:44.448Z] Error batch insert starting HN 000001671: Incorrect date value: 'Fri Feb 08 1963 00:00:00 GMT+0700 (เวลาอินโดจีน)' for column `pts`.`patient`.`birthday` at row 1
[2025-11-15T16:54:44.452Z] Error batch insert starting HN 000001724: Incorrect date value: 'Thu Nov 01 1973 00:00:00 GMT+0700 (เวลาอินโดจีน)' for column `pts`.`patient`.`birthday` at row 1
[2025-11-15T16:54:44.457Z] Error batch insert starting HN 000001779: Incorrect date value: 'Tue Dec 25 1984 00:00:00 GMT+0700 (เวลาอินโดจีน)' for column `pts`.`patient`.`birthday` at row 1
[2025-11-15T16:54:44.462Z] Error batch insert starting HN 000001830: Incorrect date value: 'Thu Nov 24 1988 00:00:00 GMT+0700 (เวลาอินโดจีน)' for column `pts`.`patient`.`birthday` at row 1
[2025-11-15T16:54:44.466Z] Error batch insert starting HN 000001891: Incorrect date value: 'Mon May 16 1983 00:00:00 GMT+0700 (เวลาอินโดจีน)' for column `pts`.`patient`.`birthday` at row 1
[2025-11-15T16:54:44.470Z] Error batch insert starting HN 000001956: Incorrect date value: 'Sun Jun 25 1972 00:00:00 GMT+0700 (เวลาอินโดจีน)' for column `pts`.`patient`.`birthday` at row 1
[2025-11-15T16:54:44.476Z] Error batch insert starting HN 000002016: Incorrect date value: 'Tue Mar 05 1957 00:00:00 GMT+0700 (เวลาอินโดจีน)' for column `pts`.`patient`.`birthday` at row 1
[2025-11-15T16:54:44.480Z] Error batch insert starting HN 000002074: Incorrect date value: 'Sat Aug 14 1976 00:00:00 GMT+0700 (เวลาอินโดจีน)' for column `pts`.`patient`.`birthday` at row 1
[2025-11-15T16:54:44.485Z] Error batch insert starting HN 000002127: Incorrect date value: 'Fri Nov 29 1963 00:00:00 GMT+0700 (เวลาอินโดจีน)' for column `pts`.`patient`.`birthday` at row 1
[2025-11-15T16:54:44.489Z] Error batch insert starting HN 000002185: Incorrect date value: 'Mon Aug 13 1990 00:00:00 GMT+0700 (เวลาอินโดจีน)' for column `pts`.`patient`.`birthday` at row 1
[2025-11-15T16:54:44.494Z] Error batch insert starting HN 000002239: Incorrect date value: 'Sat Nov 10 1956 00:00:00 GMT+0700 (เวลาอินโดจีน)' for column `pts`.`patient`.`birthday` at row 1
[2025-11-15T16:57:14.471Z] Error batch insert starting HN 000000788: Data too long for column 'informname' at row 43
[2025-11-15T16:57:15.272Z] Error batch insert starting HN 000001130: Data too long for column 'informname' at row 32
[2025-11-15T16:57:16.828Z] Error batch insert starting HN 000001956: Data too long for column 'informname' at row 40
[2025-11-15T16:59:02.238Z] Error batch insert starting HN 000000788: Data too long for column 'informname' at row 43
[2025-11-15T16:59:03.100Z] Error batch insert starting HN 000001130: Data too long for column 'informname' at row 32
[2025-11-15T16:59:04.894Z] Error batch insert starting HN 000001956: Data too long for column 'informname' at row 40
[2025-11-15T17:02:51.410Z] Error batch insert starting HN 000000788: Data too long for column 'informname' at row 43
[2025-11-15T17:02:52.872Z] Error batch insert starting HN 000001130: Data too long for column 'informname' at row 32
[2025-11-15T17:02:57.893Z] Error batch insert starting HN 000001956: Data too long for column 'informname' at row 40
