[2025-11-04T15:23:46.672Z] тЭМ ERROR: Access denied for user 'medthairep'@'192.168.1.85' (using password: YES)
[2025-11-04T15:23:46.673Z] ЁЯФТ р╕Ыр╕┤р╕Фр╕Бр╕▓р╕гр╣Ар╕Кр╕╖р╣Ир╕нр╕бр╕Хр╣Ир╕нр╣Ар╕гр╕╡р╕вр╕Ър╕гр╣Йр╕нр╕в
[2025-11-04T15:27:32.355Z] тЬЕ Connected to both databases
[2025-11-04T15:27:32.667Z] р╕Юр╕Ър╕Вр╣Йр╕нр╕бр╕╣р╕е 25887 р╕гр╕▓р╕вр╕Бр╕▓р╕гр╣Гр╕Щ patient
[2025-11-04T15:27:32.671Z] тЭМ ERROR: The MariaDB server is running with the --read-only option so it cannot execute this statement
[2025-11-04T15:27:32.672Z] ЁЯФТ р╕Ыр╕┤р╕Фр╕Бр╕▓р╕гр╣Ар╕Кр╕╖р╣Ир╕нр╕бр╕Хр╣Ир╕нр╣Ар╕гр╕╡р╕вр╕Ър╕гр╣Йр╕нр╕в
[2025-11-04T15:30:00.069Z] тП▒ р╣Ар╕гр╕┤р╣Ир╕б Sync р╕гр╕нр╕Ър╣Гр╕лр╕бр╣И
[2025-11-04T15:30:00.090Z] тЬЕ Connected to both databases
[2025-11-04T15:30:00.402Z] р╕Юр╕Ър╕Вр╣Йр╕нр╕бр╕╣р╕е 25887 р╕гр╕▓р╕вр╕Бр╕▓р╕гр╣Гр╕Щ patient
[2025-11-04T15:30:00.405Z] тЭМ ERROR: INSERT, UPDATE command denied to user 'medthairep'@'192.168.1.85' for table `lmwccdb`.`med_user`
[2025-11-04T15:30:00.405Z] ЁЯФТ р╕Ыр╕┤р╕Фр╕Бр╕▓р╕гр╣Ар╕Кр╕╖р╣Ир╕нр╕бр╕Хр╣Ир╕нр╣Ар╕гр╕╡р╕вр╕Ър╕гр╣Йр╕нр╕в
[2025-11-04T15:37:42.320Z] тЬЕ Connected to both databases
[2025-11-04T15:37:42.857Z] р╕Юр╕Ър╕Вр╣Йр╕нр╕бр╕╣р╕е 49202 р╕гр╕▓р╕вр╕Бр╕▓р╕гр╣Гр╕Щ patient
[2025-11-04T15:38:51.588Z] тЬЕ Sync р╕Вр╣Йр╕нр╕бр╕╣р╕ер╣Ар╕гр╕╡р╕вр╕Ър╕гр╣Йр╕нр╕в
[2025-11-04T15:43:08.210Z] ЁЯФТ р╕Ыр╕┤р╕Фр╕Бр╕▓р╕гр╣Ар╕Кр╕╖р╣Ир╕нр╕бр╕Хр╣Ир╕нр╣Ар╕гр╕╡р╕вр╕Ър╕гр╣Йр╕нр╕в
[2025-11-04T15:43:10.141Z] тЬЕ Connected to both databases
[2025-11-04T15:43:10.142Z] ЁЯХУ р╕Фр╕╢р╕Зр╕Вр╣Йр╕нр╕бр╕╣р╕ер╕Чр╕╡р╣Ир╕нр╕▒р╕Ыр╣Ар╕Фр╕Хр╕лр╕ер╕▒р╕З 2000-01-01 00:00:00
[2025-11-04T15:43:10.454Z] р╕Юр╕Ър╕Вр╣Йр╕нр╕бр╕╣р╕ер╣Гр╕лр╕бр╣И/р╕нр╕▒р╕Ыр╣Ар╕Фр╕Х 25887 р╕гр╕▓р╕вр╕Бр╕▓р╕г
[2025-11-04T15:43:42.889Z] тЬЕ Sync р╕Вр╣Йр╕нр╕бр╕╣р╕ер╣Ар╕гр╕╡р╕вр╕Ър╕гр╣Йр╕нр╕в
[2025-11-04T15:56:05.889Z] ЁЯФТ р╕Ыр╕┤р╕Фр╕Бр╕▓р╕гр╣Ар╕Кр╕╖р╣Ир╕нр╕бр╕Хр╣Ир╕нр╣Ар╕гр╕╡р╕вр╕Ър╕гр╣Йр╕нр╕в
[2025-11-04T15:56:07.427Z] тЬЕ Connected to both databases
[2025-11-04T15:56:07.460Z] ЁЯзо HN р╕ер╣Ир╕▓р╕кр╕╕р╕Фр╣Гр╕Щ med_user = 999999999
[2025-11-04T15:56:07.512Z] тЬЕ р╣Др╕бр╣Ир╕бр╕╡р╕Вр╣Йр╕нр╕бр╕╣р╕ер╣Гр╕лр╕бр╣И
[2025-11-04T15:59:36.923Z] тЬЕ Connected to both databases
[2025-11-04T15:59:36.962Z] ЁЯзо HN р╕ер╣Ир╕▓р╕кр╕╕р╕Фр╣Гр╕Щ med_user = 999999999
[2025-11-04T15:59:37.015Z] тЬЕ р╣Др╕бр╣Ир╕бр╕╡р╕Вр╣Йр╕нр╕бр╕╣р╕ер╣Гр╕лр╕бр╣И
[2025-11-04T16:00:00.058Z] ЁЯзо HN р╕ер╣Ир╕▓р╕кр╕╕р╕Фр╣Гр╕Щ med_user = 999999999
[2025-11-04T16:00:00.112Z] тЬЕ р╣Др╕бр╣Ир╕бр╕╡р╕Вр╣Йр╕нр╕бр╕╣р╕ер╣Гр╕лр╕бр╣И
[2025-11-04T16:01:05.345Z] тЬЕ Connected to both databases
[2025-11-04T16:01:05.377Z] ЁЯзо HN р╕ер╣Ир╕▓р╕кр╕╕р╕Фр╣Гр╕Щ med_user = 999999999
[2025-11-04T16:01:05.470Z] тЬЕ р╣Др╕бр╣Ир╕бр╕╡р╕Вр╣Йр╕нр╕бр╕╣р╕ер╣Гр╕лр╕бр╣И
[2025-11-04T16:02:46.473Z] тЬЕ Connected to both databases
[2025-11-04T16:02:46.508Z] ЁЯзо HN р╕ер╣Ир╕▓р╕кр╕╕р╕Фр╣Гр╕Щ med_user (р╣Др╕бр╣Ир╕гр╕зр╕б test) = 52259
[2025-11-04T16:02:46.509Z] ЁЯзо HN р╕ер╣Ир╕▓р╕кр╕╕р╕Фр╣Гр╕Щ med_user = undefined
[2025-11-04T16:02:46.563Z] тЬЕ р╣Др╕бр╣Ир╕бр╕╡р╕Вр╣Йр╕нр╕бр╕╣р╕ер╣Гр╕лр╕бр╣И
[2025-11-04T16:04:55.134Z] тЬЕ Connected to both databases
[2025-11-04T16:04:55.169Z] ЁЯзо HN р╕ер╣Ир╕▓р╕кр╕╕р╕Фр╣Гр╕Щ med_user (р╣Др╕бр╣Ир╕гр╕зр╕б test) = 52259
[2025-11-04T16:04:55.223Z] тЬЕ р╣Др╕бр╣Ир╕бр╕╡р╕Вр╣Йр╕нр╕бр╕╣р╕ер╣Гр╕лр╕бр╣И
[2025-11-05T04:41:45.315Z] тЬЕ Connected to both databases
[2025-11-05T04:41:45.353Z] ЁЯзо HN р╕ер╣Ир╕▓р╕кр╕╕р╕Фр╣Гр╕Щ med_user (р╣Др╕бр╣Ир╕гр╕зр╕б test) = 52259
[2025-11-05T04:41:45.420Z] тЬЕ р╣Др╕бр╣Ир╕бр╕╡р╕Вр╣Йр╕нр╕бр╕╣р╕ер╣Гр╕лр╕бр╣И
[2025-11-05T05:00:19.364Z] [INFO] [PID: 32004] тЬЕ Connection pools created for both databases.
[2025-11-05T05:00:19.405Z] [INFO] [PID: 32004] тЬЕ Connected to both databases successfully.
[2025-11-05T05:00:19.406Z] [INFO] [PID: 32004] ЁЯЪА р╣Ар╕гр╕┤р╣Ир╕б sync р╕Вр╣Йр╕нр╕бр╕╣р╕е (р╣Ар╕зр╕ер╕▓: 2025-11-05T05:00:19.406Z)
[2025-11-05T05:00:19.445Z] [INFO] [PID: 32004] ЁЯзо HN р╕ер╣Ир╕▓р╕кр╕╕р╕Фр╣Гр╕Щ med_user (р╣Др╕бр╣Ир╕гр╕зр╕б test) = 52261
[2025-11-05T05:00:19.507Z] [INFO] [PID: 32004] тЬЕ р╣Др╕бр╣Ир╕бр╕╡р╕Вр╣Йр╕нр╕бр╕╣р╕ер╣Гр╕лр╕бр╣И
[2025-11-05T05:15:30.728Z] [INFO] [PID: 34220] тЬЕ Connection pools created for both databases.
[2025-11-05T05:15:30.766Z] [INFO] [PID: 34220] тЬЕ Connected to both databases successfully.
[2025-11-05T05:15:30.767Z] [INFO] ЁЯЪА р╣Ар╕гр╕┤р╣Ир╕б sync р╕Вр╣Йр╕нр╕бр╕╣р╕е (р╣Ар╕зр╕ер╕▓: 2025-11-05T05:15:30.767Z)
[2025-11-05T05:15:30.801Z] [INFO] ЁЯзо HN р╕ер╣Ир╕▓р╕кр╕╕р╕Фр╣Гр╕Щ med_user (р╣Др╕бр╣Ир╕гр╕зр╕б test) = 52261
[2025-11-05T05:15:30.863Z] [INFO] тЬЕ р╣Др╕бр╣Ир╕бр╕╡р╕Вр╣Йр╕нр╕бр╕╣р╕ер╣Гр╕лр╕бр╣И
[2025-11-05T05:26:58.006Z] [INFO] ЁЯЫС Received SIGINT, closing pools...
[2025-11-05T05:26:58.007Z] [INFO] ЁЯФТ р╕Ыр╕┤р╕Фр╕Бр╕▓р╕гр╣Ар╕Кр╕╖р╣Ир╕нр╕бр╕Хр╣Ир╕нр╣Ар╕гр╕╡р╕вр╕Ър╕гр╣Йр╕нр╕в
[2025-11-05T05:26:59.481Z] [INFO] ЁЯЪА р╣Ар╕гр╕┤р╣Ир╕б sync р╕Вр╣Йр╕нр╕бр╕╣р╕е (р╣Ар╕зр╕ер╕▓: 2025-11-05T05:26:59.480Z)
[2025-11-05T05:26:59.536Z] [INFO] тЬЕ Connected to both databases successfully.
[2025-11-05T05:26:59.574Z] [INFO] ЁЯзо HN р╕ер╣Ир╕▓р╕кр╕╕р╕Фр╣Гр╕Щ med_user (р╣Др╕бр╣Ир╕гр╕зр╕б test) = 52261
[2025-11-05T05:26:59.635Z] [INFO] тЬЕ р╣Др╕бр╣Ир╕бр╕╡р╕Вр╣Йр╕нр╕бр╕╣р╕ер╣Гр╕лр╕бр╣И
[2025-11-05T05:26:59.636Z] [INFO] ЁЯФТ р╕Ыр╕┤р╕Фр╕Бр╕▓р╕гр╣Ар╕Кр╕╖р╣Ир╕нр╕бр╕Хр╣Ир╕нр╣Ар╕гр╕╡р╕вр╕Ър╕гр╣Йр╕нр╕в
[2025-11-05T05:27:10.278Z] [INFO] ЁЯЪА р╣Ар╕гр╕┤р╣Ир╕б sync р╕Вр╣Йр╕нр╕бр╕╣р╕е (р╣Ар╕зр╕ер╕▓: 2025-11-05T05:27:10.277Z)
[2025-11-05T05:27:10.326Z] [INFO] тЬЕ Connected to both databases successfully.
[2025-11-05T05:27:10.363Z] [INFO] ЁЯзо HN р╕ер╣Ир╕▓р╕кр╕╕р╕Фр╣Гр╕Щ med_user (р╣Др╕бр╣Ир╕гр╕зр╕б test) = 52261
[2025-11-05T05:27:10.425Z] [INFO] тЬЕ р╣Др╕бр╣Ир╕бр╕╡р╕Вр╣Йр╕нр╕бр╕╣р╕ер╣Гр╕лр╕бр╣И
[2025-11-05T05:27:10.431Z] [INFO] ЁЯФТ р╕Ыр╕┤р╕Фр╕Бр╕▓р╕гр╣Ар╕Кр╕╖р╣Ир╕нр╕бр╕Хр╣Ир╕нр╣Ар╕гр╕╡р╕вр╕Ър╕гр╣Йр╕нр╕в
